<?xml version="1.0" encoding="UTF-8"?>
<!-- Generated by org.testng.reporters.JUnitReportReporter -->
<testsuite skipped="0" hostname="LAPTOP-O0PB2LV0" name="com.Project.WalmartCart.Test.BasePageTest" tests="4" failures="0" timestamp="2020-06-13T16:49:33 PDT" time="15.016" errors="0">
  <testcase name="SearchResultPageTest" time="5.156" classname="com.Project.WalmartCart.Test.BasePageTest"/>
  <system-out/>
  <testcase name="ProductPageTest" time="5.208" classname="com.Project.WalmartCart.Test.BasePageTest"/>
  <system-out/>
  <testcase name="CartPageTest" time="3.248" classname="com.Project.WalmartCart.Test.BasePageTest"/>
  <system-out/>
  <testcase name="SearchProductsPageTest" time="1.404" classname="com.Project.WalmartCart.Test.BasePageTest"/>
  <system-out/>
</testsuite> <!-- com.Project.WalmartCart.Test.BasePageTest -->
