<?xml version="1.0" encoding="UTF-8"?>
<!-- Generated by org.testng.reporters.JUnitReportReporter -->
<testsuite skipped="0" hostname="LAPTOP-O0PB2LV0" name="com.Project.WalmartCart.Test.BasePageTest" tests="4" failures="0" timestamp="2020-06-11T21:58:34 PDT" time="26.101" errors="0">
  <testcase name="SearchProductsPageTest" time="1.053" classname="com.Project.WalmartCart.Test.BasePageTest"/>
  <system-out/>
  <testcase name="ProductPageTest" time="19.056" classname="com.Project.WalmartCart.Test.BasePageTest"/>
  <system-out/>
  <testcase name="CartPageTest" time="2.087" classname="com.Project.WalmartCart.Test.BasePageTest"/>
  <system-out/>
  <testcase name="SearchResultPageTest" time="3.905" classname="com.Project.WalmartCart.Test.BasePageTest"/>
  <system-out/>
</testsuite> <!-- com.Project.WalmartCart.Test.BasePageTest -->
